d:\escuela\universidad\8° cuatrimestre\arquitectura\arquitectura-motores-graficos-alima\tutorial07\intermediate\tutorial07\win32\debug\devicecontext.obj
d:\escuela\universidad\8° cuatrimestre\arquitectura\arquitectura-motores-graficos-alima\tutorial07\intermediate\tutorial07\win32\debug\tutorial07.obj
d:\escuela\universidad\8° cuatrimestre\arquitectura\arquitectura-motores-graficos-alima\tutorial07\intermediate\tutorial07\win32\debug\imgui_impl_win32.obj
d:\escuela\universidad\8° cuatrimestre\arquitectura\arquitectura-motores-graficos-alima\tutorial07\intermediate\tutorial07\win32\debug\samplerstate.obj
d:\escuela\universidad\8° cuatrimestre\arquitectura\arquitectura-motores-graficos-alima\tutorial07\intermediate\tutorial07\win32\debug\device.obj
d:\escuela\universidad\8° cuatrimestre\arquitectura\arquitectura-motores-graficos-alima\tutorial07\intermediate\tutorial07\win32\debug\transform.obj
d:\escuela\universidad\8° cuatrimestre\arquitectura\arquitectura-motores-graficos-alima\tutorial07\intermediate\tutorial07\win32\debug\vertexbuffer.obj
d:\escuela\universidad\8° cuatrimestre\arquitectura\arquitectura-motores-graficos-alima\tutorial07\intermediate\tutorial07\win32\debug\viewport.obj
d:\escuela\universidad\8° cuatrimestre\arquitectura\arquitectura-motores-graficos-alima\tutorial07\intermediate\tutorial07\win32\debug\ctime.obj
d:\escuela\universidad\8° cuatrimestre\arquitectura\arquitectura-motores-graficos-alima\tutorial07\intermediate\tutorial07\win32\debug\shaderprogram.obj
d:\escuela\universidad\8° cuatrimestre\arquitectura\arquitectura-motores-graficos-alima\tutorial07\intermediate\tutorial07\win32\debug\depthstencilview.obj
d:\escuela\universidad\8° cuatrimestre\arquitectura\arquitectura-motores-graficos-alima\tutorial07\intermediate\tutorial07\win32\debug\userinterface.obj
d:\escuela\universidad\8° cuatrimestre\arquitectura\arquitectura-motores-graficos-alima\tutorial07\intermediate\tutorial07\win32\debug\imgui_tables.obj
d:\escuela\universidad\8° cuatrimestre\arquitectura\arquitectura-motores-graficos-alima\tutorial07\intermediate\tutorial07\win32\debug\inputlayout.obj
d:\escuela\universidad\8° cuatrimestre\arquitectura\arquitectura-motores-graficos-alima\tutorial07\intermediate\tutorial07\win32\debug\window.obj
d:\escuela\universidad\8° cuatrimestre\arquitectura\arquitectura-motores-graficos-alima\tutorial07\intermediate\tutorial07\win32\debug\imgui_draw.obj
d:\escuela\universidad\8° cuatrimestre\arquitectura\arquitectura-motores-graficos-alima\tutorial07\intermediate\tutorial07\win32\debug\modelloader.obj
d:\escuela\universidad\8° cuatrimestre\arquitectura\arquitectura-motores-graficos-alima\tutorial07\intermediate\tutorial07\win32\debug\imgui_impl_dx11.obj
d:\escuela\universidad\8° cuatrimestre\arquitectura\arquitectura-motores-graficos-alima\tutorial07\intermediate\tutorial07\win32\debug\texture.obj
d:\escuela\universidad\8° cuatrimestre\arquitectura\arquitectura-motores-graficos-alima\tutorial07\intermediate\tutorial07\win32\debug\imgui.obj
d:\escuela\universidad\8° cuatrimestre\arquitectura\arquitectura-motores-graficos-alima\tutorial07\intermediate\tutorial07\win32\debug\swapchain.obj
d:\escuela\universidad\8° cuatrimestre\arquitectura\arquitectura-motores-graficos-alima\tutorial07\intermediate\tutorial07\win32\debug\imgui_demo.obj
d:\escuela\universidad\8° cuatrimestre\arquitectura\arquitectura-motores-graficos-alima\tutorial07\intermediate\tutorial07\win32\debug\indexbuffer.obj
d:\escuela\universidad\8° cuatrimestre\arquitectura\arquitectura-motores-graficos-alima\tutorial07\intermediate\tutorial07\win32\debug\imgui_widgets.obj
d:\escuela\universidad\8° cuatrimestre\arquitectura\arquitectura-motores-graficos-alima\tutorial07\intermediate\tutorial07\win32\debug\rendertargetview.obj
d:\escuela\universidad\8° cuatrimestre\arquitectura\arquitectura-motores-graficos-alima\tutorial07\intermediate\tutorial07\win32\debug\vc143.pdb
d:\escuela\universidad\8° cuatrimestre\arquitectura\arquitectura-motores-graficos-alima\tutorial07\intermediate\tutorial07\win32\debug\vc143.idb
d:\escuela\universidad\8° cuatrimestre\arquitectura\arquitectura-motores-graficos-alima\tutorial07\bin\x86\tutorial07.exe
d:\escuela\universidad\8° cuatrimestre\arquitectura\arquitectura-motores-graficos-alima\tutorial07\intermediate\tutorial07\win32\debug\tutorial07.ilk
d:\escuela\universidad\8° cuatrimestre\arquitectura\arquitectura-motores-graficos-alima\tutorial07\bin\x86\tutorial07.pdb
d:\escuela\universidad\8° cuatrimestre\arquitectura\arquitectura-motores-graficos-alima\tutorial07\intermediate\tutorial07\win32\debug\tutorial07.res
d:\escuela\universidad\8° cuatrimestre\arquitectura\arquitectura-motores-graficos-alima\tutorial07\bin/x86/tutorial07.pdb
d:\escuela\universidad\8° cuatrimestre\arquitectura\arquitectura-motores-graficos-alima\tutorial07\intermediate/tutorial07/win32/debug/tutorial07_2010.vcxproj.filelistabsolute.txt
d:\escuela\universidad\8° cuatrimestre\arquitectura\arquitectura-motores-graficos-alima\tutorial07\intermediate\tutorial07\win32\debug\tutorial07.tlog\cl.command.1.tlog
d:\escuela\universidad\8° cuatrimestre\arquitectura\arquitectura-motores-graficos-alima\tutorial07\intermediate\tutorial07\win32\debug\tutorial07.tlog\cl.read.1.tlog
d:\escuela\universidad\8° cuatrimestre\arquitectura\arquitectura-motores-graficos-alima\tutorial07\intermediate\tutorial07\win32\debug\tutorial07.tlog\cl.write.1.tlog
d:\escuela\universidad\8° cuatrimestre\arquitectura\arquitectura-motores-graficos-alima\tutorial07\intermediate\tutorial07\win32\debug\tutorial07.tlog\link.command.1.tlog
d:\escuela\universidad\8° cuatrimestre\arquitectura\arquitectura-motores-graficos-alima\tutorial07\intermediate\tutorial07\win32\debug\tutorial07.tlog\link.read.1.tlog
d:\escuela\universidad\8° cuatrimestre\arquitectura\arquitectura-motores-graficos-alima\tutorial07\intermediate\tutorial07\win32\debug\tutorial07.tlog\link.write.1.tlog
d:\escuela\universidad\8° cuatrimestre\arquitectura\arquitectura-motores-graficos-alima\tutorial07\intermediate\tutorial07\win32\debug\tutorial07.tlog\rc.command.1.tlog
d:\escuela\universidad\8° cuatrimestre\arquitectura\arquitectura-motores-graficos-alima\tutorial07\intermediate\tutorial07\win32\debug\tutorial07.tlog\rc.read.1.tlog
d:\escuela\universidad\8° cuatrimestre\arquitectura\arquitectura-motores-graficos-alima\tutorial07\intermediate\tutorial07\win32\debug\tutorial07.tlog\rc.write.1.tlog
